c:\users\lmin\desktop\meanshift\debug\meanshift.obj
c:\users\lmin\desktop\meanshift\debug\vc100.pdb
c:\users\lmin\desktop\meanshift\debug\meanshift.ilk
c:\users\lmin\desktop\meanshift\debug\meanshift.exe
c:\users\lmin\desktop\meanshift\debug\meanshift.exe.intermediate.manifest
c:\users\lmin\desktop\meanshift\debug\meanshift.pdb
c:\users\lmin\desktop\meanshift\debug\meanshift.exe.embed.manifest
c:\users\lmin\desktop\meanshift\debug\meanshift.exe.embed.manifest.res
c:\users\administrator\desktop\meanshift code\debug\vc120.pdb
c:\users\administrator\desktop\meanshift code\debug\vc120.idb
c:\users\administrator\desktop\meanshift code\debug\meanshift.obj
e:\项目工程\meanshift code\debug\vc120.pdb
e:\项目工程\meanshift code\debug\vc120.idb
e:\项目工程\meanshift code\debug\meanshift.obj
e:\项目工程\meanshift code\debug\stdafx.obj
e:\项目工程\meanshift code\debug\cl.command.1.tlog
e:\项目工程\meanshift code\debug\cl.read.1.tlog
e:\项目工程\meanshift code\debug\cl.write.1.tlog
e:\项目工程\meanshift code\debug\link-cvtres.read.1.tlog
e:\项目工程\meanshift code\debug\link-cvtres.write.1.tlog
e:\项目工程\meanshift code\debug\link.command.1.tlog
e:\项目工程\meanshift code\debug\link.read.1.tlog
e:\项目工程\meanshift code\debug\link.write.1.tlog
e:\项目工程\meanshift code\debug\mt.command.1.tlog
e:\项目工程\meanshift code\debug\mt.read.1.tlog
e:\项目工程\meanshift code\debug\mt.write.1.tlog
e:\项目工程\meanshift code\debug\rc.command.1.tlog
e:\项目工程\meanshift code\debug\rc.read.1.tlog
e:\项目工程\meanshift code\debug\rc.write.1.tlog
e:\项目工程\meanshift code\debug\meanshift.exe.embed.manifest
e:\项目工程\meanshift code\debug\meanshift.exe.intermediate.manifest
e:\项目工程\meanshift code\debug\meanshift.exe.embed.manifest.res
e:\项目工程\meanshift code\debug\vc100.idb
e:\项目工程\meanshift code\debug\vc60.idb
e:\项目工程\meanshift code\debug\meanshift.pdb
e:\项目工程\meanshift code\debug\vc100.pdb
e:\项目工程\meanshift code\debug\vc60.pdb
e:\项目工程\meanshift code\debug\meanshift_manifest.rc
e:\项目工程\meanshift code\.\debug\meanshift.exe.intermediate.manifest
e:\项目工程\meanshift code\debug\meanshift.tlog\cl.command.1.tlog
e:\项目工程\meanshift code\debug\meanshift.tlog\cl.read.1.tlog
e:\项目工程\meanshift code\debug\meanshift.tlog\cl.write.1.tlog
e:\项目工程\meanshift code\debug\meanshift.tlog\link-cvtres.read.1.tlog
e:\项目工程\meanshift code\debug\meanshift.tlog\link-cvtres.write.1.tlog
e:\项目工程\meanshift code\debug\meanshift.tlog\link-rc.read.1.tlog
e:\项目工程\meanshift code\debug\meanshift.tlog\link-rc.write.1.tlog
e:\项目工程\meanshift code\debug\meanshift.tlog\link.command.1.tlog
e:\项目工程\meanshift code\debug\meanshift.tlog\link.read.1.tlog
e:\项目工程\meanshift code\debug\meanshift.tlog\link.write.1.tlog
